{"C:\\Users\\j_sco\\.gemini\\antigravity\\scratch\\Playground\\src\\App.tsx": {"path":"C:\\Users\\j_sco\\.gemini\\antigravity\\scratch\\Playground\\src\\App.tsx","statementMap":{"0":{"start":{"line":1,"column":0},"end":{"line":1,"column":33}},"1":{"start":{"line":2,"column":0},"end":{"line":2,"column":54}},"2":{"start":{"line":3,"column":0},"end":{"line":3,"column":42}},"3":{"start":{"line":4,"column":0},"end":{"line":4,"column":61}},"4":{"start":{"line":5,"column":0},"end":{"line":5,"column":57}},"5":{"start":{"line":6,"column":0},"end":{"line":6,"column":69}},"6":{"start":{"line":7,"column":0},"end":{"line":7,"column":39}},"7":{"start":{"line":8,"column":0},"end":{"line":8,"column":19}},"8":{"start":{"line":12,"column":36},"end":{"line":12,"column":90}},"9":{"start":{"line":13,"column":38},"end":{"line":13,"column":50}},"10":{"start":{"line":15,"column":28},"end":{"line":18,"column":3}},"11":{"start":{"line":16,"column":4},"end":{"line":16,"column":25}},"12":{"start":{"line":17,"column":4},"end":{"line":17,"column":31}},"13":{"start":{"line":20,"column":2},"end":{"line":40,"column":3}},"14":{"start":{"line":21,"column":4},"end":{"line":39,"column":6}},"15":{"start":{"line":24,"column":10},"end":{"line":35,"column":null}},"16":{"start":{"line":42,"column":2},"end":{"line":58,"column":3}},"17":{"start":{"line":43,"column":4},"end":{"line":57,"column":6}},"18":{"start":{"line":53,"column":71},"end":{"line":53,"column":90}},"19":{"start":{"line":53,"column":91},"end":{"line":53,"column":112}},"20":{"start":{"line":60,"column":2},"end":{"line":60,"column":106}},"21":{"start":{"line":60,"column":81},"end":{"line":60,"column":101}},"22":{"start":{"line":63,"column":0},"end":{"line":63,"column":19}}},"fnMap":{"0":{"name":"App","decl":{"start":{"line":10,"column":9},"end":{"line":10,"column":12}},"loc":{"start":{"line":10,"column":12},"end":{"line":61,"column":1}}},"1":{"name":"(anonymous_1)","decl":{"start":{"line":15,"column":28},"end":{"line":15,"column":29}},"loc":{"start":{"line":15,"column":46},"end":{"line":18,"column":3}}},"2":{"name":"(anonymous_2)","decl":{"start":{"line":23,"column":9},"end":{"line":23,"column":10}},"loc":{"start":{"line":24,"column":10},"end":{"line":35,"column":null}}},"3":{"name":"(anonymous_3)","decl":{"start":{"line":53,"column":62},"end":{"line":53,"column":63}},"loc":{"start":{"line":53,"column":68},"end":{"line":53,"column":114}}},"4":{"name":"(anonymous_4)","decl":{"start":{"line":60,"column":75},"end":{"line":60,"column":78}},"loc":{"start":{"line":60,"column":81},"end":{"line":60,"column":101}}}},"branchMap":{"0":{"loc":{"start":{"line":20,"column":2},"end":{"line":40,"column":3}},"type":"if","locations":[{"start":{"line":20,"column":2},"end":{"line":40,"column":3}},{"start":{},"end":{}}]},"1":{"loc":{"start":{"line":42,"column":2},"end":{"line":58,"column":3}},"type":"if","locations":[{"start":{"line":42,"column":2},"end":{"line":58,"column":3}},{"start":{},"end":{}}]}},"s":{"0":1,"1":1,"2":1,"3":1,"4":1,"5":1,"6":1,"7":1,"8":6,"9":5,"10":5,"11":1,"12":1,"13":5,"14":1,"15":1,"16":4,"17":1,"18":0,"19":0,"20":3,"21":1,"22":1},"f":{"0":6,"1":1,"2":1,"3":0,"4":1},"b":{"0":[1,4],"1":[1,3]}}
,"C:\\Users\\j_sco\\.gemini\\antigravity\\scratch\\Playground\\src\\components\\Nav.tsx": {"path":"C:\\Users\\j_sco\\.gemini\\antigravity\\scratch\\Playground\\src\\components\\Nav.tsx","statementMap":{"0":{"start":{"line":2,"column":0},"end":{"line":2,"column":19}},"1":{"start":{"line":11,"column":19},"end":{"line":30,"column":1}},"2":{"start":{"line":12,"column":4},"end":{"line":29,"column":6}},"3":{"start":{"line":23,"column":76},"end":{"line":23,"column":99}},"4":{"start":{"line":24,"column":88},"end":{"line":24,"column":108}},"5":{"start":{"line":11,"column":13},"end":{"line":11,"column":19}}},"fnMap":{"0":{"name":"(anonymous_0)","decl":{"start":{"line":11,"column":19},"end":{"line":11,"column":20}},"loc":{"start":{"line":11,"column":76},"end":{"line":30,"column":1}}},"1":{"name":"(anonymous_1)","decl":{"start":{"line":23,"column":70},"end":{"line":23,"column":73}},"loc":{"start":{"line":23,"column":76},"end":{"line":23,"column":99}}},"2":{"name":"(anonymous_2)","decl":{"start":{"line":24,"column":82},"end":{"line":24,"column":85}},"loc":{"start":{"line":24,"column":88},"end":{"line":24,"column":108}}}},"branchMap":{"0":{"loc":{"start":{"line":16,"column":17},"end":{"line":25,"column":null}},"type":"cond-expr","locations":[{"start":{"line":17,"column":20},"end":{"line":19,"column":null}},{"start":{"line":22,"column":20},"end":{"line":24,"column":null}}]}},"s":{"0":1,"1":1,"2":2,"3":0,"4":0,"5":1},"f":{"0":2,"1":0,"2":0},"b":{"0":[1,1]}}
,"C:\\Users\\j_sco\\.gemini\\antigravity\\scratch\\Playground\\src\\features\\chatbot\\MeetMeBot.tsx": {"path":"C:\\Users\\j_sco\\.gemini\\antigravity\\scratch\\Playground\\src\\features\\chatbot\\MeetMeBot.tsx","statementMap":{"0":{"start":{"line":10,"column":0},"end":{"line":10,"column":16}},"1":{"start":{"line":1,"column":0},"end":{"line":1,"column":52}},"2":{"start":{"line":2,"column":0},"end":{"line":2,"column":25}},"3":{"start":{"line":11,"column":36},"end":{"line":13,"column":6}},"4":{"start":{"line":14,"column":30},"end":{"line":14,"column":42}},"5":{"start":{"line":15,"column":27},"end":{"line":15,"column":55}},"6":{"start":{"line":17,"column":27},"end":{"line":19,"column":5}},"7":{"start":{"line":18,"column":8},"end":{"line":18,"column":71}},"8":{"start":{"line":21,"column":4},"end":{"line":21,"column":42}},"9":{"start":{"line":23,"column":23},"end":{"line":51,"column":5}},"10":{"start":{"line":24,"column":8},"end":{"line":24,"column":27}},"11":{"start":{"line":25,"column":8},"end":{"line":25,"column":34}},"12":{"start":{"line":25,"column":27},"end":{"line":25,"column":34}},"13":{"start":{"line":27,"column":33},"end":{"line":27,"column":91}},"14":{"start":{"line":28,"column":8},"end":{"line":28,"column":48}},"15":{"start":{"line":28,"column":28},"end":{"line":28,"column":46}},"16":{"start":{"line":29,"column":8},"end":{"line":29,"column":21}},"17":{"start":{"line":32,"column":8},"end":{"line":50,"column":16}},"18":{"start":{"line":33,"column":31},"end":{"line":33,"column":116}},"19":{"start":{"line":34,"column":31},"end":{"line":34,"column":57}},"20":{"start":{"line":36,"column":12},"end":{"line":46,"column":13}},"21":{"start":{"line":37,"column":16},"end":{"line":37,"column":58}},"22":{"start":{"line":38,"column":19},"end":{"line":46,"column":13}},"23":{"start":{"line":39,"column":16},"end":{"line":39,"column":141}},"24":{"start":{"line":40,"column":19},"end":{"line":46,"column":13}},"25":{"start":{"line":41,"column":16},"end":{"line":41,"column":106}},"26":{"start":{"line":42,"column":19},"end":{"line":46,"column":13}},"27":{"start":{"line":43,"column":16},"end":{"line":43,"column":74}},"28":{"start":{"line":44,"column":19},"end":{"line":46,"column":13}},"29":{"start":{"line":45,"column":16},"end":{"line":45,"column":69}},"30":{"start":{"line":48,"column":36},"end":{"line":48,"column":106}},"31":{"start":{"line":49,"column":12},"end":{"line":49,"column":51}},"32":{"start":{"line":49,"column":32},"end":{"line":49,"column":49}},"33":{"start":{"line":53,"column":4},"end":{"line":78,"column":6}},"34":{"start":{"line":61,"column":20},"end":{"line":61,"column":38}},"35":{"start":{"line":71,"column":35},"end":{"line":71,"column":59}}},"fnMap":{"0":{"name":"MeetMeBot","decl":{"start":{"line":10,"column":16},"end":{"line":10,"column":25}},"loc":{"start":{"line":10,"column":65},"end":{"line":79,"column":1}}},"1":{"name":"(anonymous_1)","decl":{"start":{"line":17,"column":27},"end":{"line":17,"column":30}},"loc":{"start":{"line":17,"column":32},"end":{"line":19,"column":5}}},"2":{"name":"(anonymous_2)","decl":{"start":{"line":23,"column":23},"end":{"line":23,"column":24}},"loc":{"start":{"line":23,"column":46},"end":{"line":51,"column":5}}},"3":{"name":"(anonymous_3)","decl":{"start":{"line":28,"column":20},"end":{"line":28,"column":24}},"loc":{"start":{"line":28,"column":28},"end":{"line":28,"column":46}}},"4":{"name":"(anonymous_4)","decl":{"start":{"line":32,"column":19},"end":{"line":32,"column":22}},"loc":{"start":{"line":32,"column":24},"end":{"line":50,"column":9}}},"5":{"name":"(anonymous_5)","decl":{"start":{"line":49,"column":24},"end":{"line":49,"column":28}},"loc":{"start":{"line":49,"column":32},"end":{"line":49,"column":49}}},"6":{"name":"(anonymous_6)","decl":{"start":{"line":60,"column":30},"end":{"line":60,"column":31}},"loc":{"start":{"line":61,"column":20},"end":{"line":61,"column":38}}},"7":{"name":"(anonymous_7)","decl":{"start":{"line":71,"column":30},"end":{"line":71,"column":31}},"loc":{"start":{"line":71,"column":35},"end":{"line":71,"column":59}}}},"branchMap":{"0":{"loc":{"start":{"line":12,"column":98},"end":{"line":12,"column":158}},"type":"cond-expr","locations":[{"start":{"line":12,"column":111},"end":{"line":12,"column":153}},{"start":{"line":12,"column":156},"end":{"line":12,"column":158}}]},"1":{"loc":{"start":{"line":25,"column":8},"end":{"line":25,"column":34}},"type":"if","locations":[{"start":{"line":25,"column":8},"end":{"line":25,"column":34}},{"start":{},"end":{}}]},"2":{"loc":{"start":{"line":36,"column":12},"end":{"line":46,"column":13}},"type":"if","locations":[{"start":{"line":36,"column":12},"end":{"line":46,"column":13}},{"start":{"line":38,"column":19},"end":{"line":46,"column":13}}]},"3":{"loc":{"start":{"line":36,"column":16},"end":{"line":36,"column":73}},"type":"binary-expr","locations":[{"start":{"line":36,"column":16},"end":{"line":36,"column":44}},{"start":{"line":36,"column":48},"end":{"line":36,"column":73}}]},"4":{"loc":{"start":{"line":38,"column":19},"end":{"line":46,"column":13}},"type":"if","locations":[{"start":{"line":38,"column":19},"end":{"line":46,"column":13}},{"start":{"line":40,"column":19},"end":{"line":46,"column":13}}]},"5":{"loc":{"start":{"line":40,"column":19},"end":{"line":46,"column":13}},"type":"if","locations":[{"start":{"line":40,"column":19},"end":{"line":46,"column":13}},{"start":{"line":42,"column":19},"end":{"line":46,"column":13}}]},"6":{"loc":{"start":{"line":40,"column":23},"end":{"line":40,"column":83}},"type":"binary-expr","locations":[{"start":{"line":40,"column":23},"end":{"line":40,"column":51}},{"start":{"line":40,"column":55},"end":{"line":40,"column":83}}]},"7":{"loc":{"start":{"line":42,"column":19},"end":{"line":46,"column":13}},"type":"if","locations":[{"start":{"line":42,"column":19},"end":{"line":46,"column":13}},{"start":{"line":44,"column":19},"end":{"line":46,"column":13}}]},"8":{"loc":{"start":{"line":44,"column":19},"end":{"line":46,"column":13}},"type":"if","locations":[{"start":{"line":44,"column":19},"end":{"line":46,"column":13}},{"start":{},"end":{}}]},"9":{"loc":{"start":{"line":61,"column":71},"end":{"line":61,"column":125}},"type":"cond-expr","locations":[{"start":{"line":61,"column":95},"end":{"line":61,"column":109}},{"start":{"line":61,"column":112},"end":{"line":61,"column":125}}]}},"s":{"0":2,"1":2,"2":2,"3":7,"4":7,"5":7,"6":7,"7":6,"8":7,"9":7,"10":1,"11":1,"12":0,"13":1,"14":1,"15":1,"16":1,"17":1,"18":1,"19":1,"20":1,"21":1,"22":0,"23":0,"24":0,"25":0,"26":0,"27":0,"28":0,"29":0,"30":1,"31":1,"32":1,"33":7,"34":10,"35":1},"f":{"0":7,"1":6,"2":1,"3":1,"4":1,"5":1,"6":10,"7":1},"b":{"0":[1,6],"1":[0,1],"2":[1,0],"3":[1,0],"4":[0,0],"5":[0,0],"6":[0,0],"7":[0,0],"8":[0,0],"9":[2,8]}}
}
