TN:
SF:src\App.tsx
FN:11,App
FN:16,(anonymous_1)
FN:24,(anonymous_2)
FN:49,(anonymous_3)
FN:70,(anonymous_4)
FN:77,(anonymous_5)
FNF:6
FNH:4
FNDA:6,App
FNDA:1,(anonymous_1)
FNDA:1,(anonymous_2)
FNDA:0,(anonymous_3)
FNDA:0,(anonymous_4)
FNDA:1,(anonymous_5)
DA:1,1
DA:2,1
DA:3,1
DA:4,1
DA:5,1
DA:6,1
DA:7,1
DA:8,1
DA:9,1
DA:13,6
DA:14,5
DA:16,5
DA:17,1
DA:18,1
DA:21,5
DA:22,1
DA:25,1
DA:46,4
DA:47,0
DA:50,0
DA:59,4
DA:60,1
DA:70,0
DA:77,3
DA:80,1
LF:25
LH:22
BRDA:21,0,0,1
BRDA:21,0,1,4
BRDA:46,1,0,0
BRDA:46,1,1,4
BRDA:59,2,0,1
BRDA:59,2,1,3
BRF:6
BRH:5
end_of_record
TN:
SF:src\components\Nav.tsx
FN:11,(anonymous_0)
FN:19,(anonymous_1)
FN:20,(anonymous_2)
FN:25,(anonymous_3)
FN:26,(anonymous_4)
FNF:5
FNH:1
FNDA:2,(anonymous_0)
FNDA:0,(anonymous_1)
FNDA:0,(anonymous_2)
FNDA:0,(anonymous_3)
FNDA:0,(anonymous_4)
DA:2,1
DA:11,1
DA:12,2
DA:19,0
DA:20,0
DA:25,0
DA:26,0
LF:7
LH:3
BRDA:16,0,0,1
BRDA:16,0,1,1
BRDA:16,1,0,2
BRDA:16,1,1,1
BRF:4
BRH:4
end_of_record
TN:
SF:src\features\admin\AdminDashboard.tsx
FN:9,AdminDashboard
FN:10,(anonymous_1)
FN:20,(anonymous_2)
FN:27,(anonymous_3)
FN:27,(anonymous_4)
FN:87,(anonymous_5)
FN:98,(anonymous_6)
FN:110,(anonymous_7)
FN:121,(anonymous_8)
FN:132,(anonymous_9)
FN:143,(anonymous_10)
FNF:11
FNH:1
FNDA:1,AdminDashboard
FNDA:0,(anonymous_1)
FNDA:0,(anonymous_2)
FNDA:0,(anonymous_3)
FNDA:0,(anonymous_4)
FNDA:0,(anonymous_5)
FNDA:0,(anonymous_6)
FNDA:0,(anonymous_7)
FNDA:0,(anonymous_8)
FNDA:0,(anonymous_9)
FNDA:0,(anonymous_10)
DA:1,2
DA:2,2
DA:4,2
DA:5,2
DA:7,2
DA:9,2
DA:10,1
DA:11,1
DA:12,1
DA:13,1
DA:14,1
DA:15,1
DA:16,1
DA:17,1
DA:18,1
DA:20,1
DA:21,0
DA:22,0
DA:23,0
DA:25,0
DA:27,0
DA:29,0
DA:38,0
DA:39,0
DA:42,0
DA:44,0
DA:45,0
DA:46,0
DA:47,0
DA:48,0
DA:49,0
DA:51,0
DA:52,0
DA:54,0
DA:63,1
DA:64,0
DA:67,1
DA:87,0
DA:98,0
DA:110,0
DA:121,0
DA:132,0
DA:143,0
LF:43
LH:18
BRDA:38,0,0,0
BRDA:38,0,1,0
BRDA:52,1,0,0
BRDA:52,1,1,0
BRDA:63,2,0,0
BRDA:63,2,1,1
BRDA:74,3,0,1
BRDA:74,3,1,0
BRDA:150,4,0,0
BRDA:150,4,1,1
BRF:10
BRH:3
end_of_record
TN:
SF:src\features\chatbot\MeetMeBot.tsx
FN:10,MeetMeBot
FN:17,(anonymous_1)
FN:23,(anonymous_2)
FN:28,(anonymous_3)
FN:32,(anonymous_4)
FN:49,(anonymous_5)
FN:60,(anonymous_6)
FN:71,(anonymous_7)
FNF:8
FNH:8
FNDA:6,MeetMeBot
FNDA:5,(anonymous_1)
FNDA:1,(anonymous_2)
FNDA:1,(anonymous_3)
FNDA:1,(anonymous_4)
FNDA:1,(anonymous_5)
FNDA:9,(anonymous_6)
FNDA:1,(anonymous_7)
DA:1,2
DA:2,2
DA:10,2
DA:11,6
DA:14,6
DA:15,6
DA:17,6
DA:18,5
DA:21,6
DA:23,6
DA:24,1
DA:25,1
DA:27,1
DA:28,1
DA:29,1
DA:32,1
DA:33,1
DA:34,1
DA:36,1
DA:37,1
DA:38,0
DA:39,0
DA:40,0
DA:41,0
DA:42,0
DA:43,0
DA:44,0
DA:45,0
DA:48,1
DA:49,1
DA:53,6
DA:61,9
DA:71,1
LF:33
LH:25
BRDA:12,0,0,1
BRDA:12,0,1,5
BRDA:25,1,0,0
BRDA:25,1,1,1
BRDA:36,2,0,1
BRDA:36,2,1,0
BRDA:36,3,0,1
BRDA:36,3,1,0
BRDA:38,4,0,0
BRDA:38,4,1,0
BRDA:40,5,0,0
BRDA:40,5,1,0
BRDA:40,6,0,0
BRDA:40,6,1,0
BRDA:42,7,0,0
BRDA:42,7,1,0
BRDA:44,8,0,0
BRDA:44,8,1,0
BRDA:61,9,0,2
BRDA:61,9,1,7
BRF:20
BRH:7
end_of_record
