TN:
SF:src\App.tsx
FN:11,App
FN:16,(anonymous_1)
FN:24,(anonymous_2)
FN:49,(anonymous_3)
FN:75,(anonymous_4)
FN:82,(anonymous_5)
FNF:6
FNH:5
FNDA:8,App
FNDA:1,(anonymous_1)
FNDA:2,(anonymous_2)
FNDA:1,(anonymous_3)
FNDA:0,(anonymous_4)
FNDA:2,(anonymous_5)
DA:1,1
DA:2,1
DA:3,1
DA:4,1
DA:5,1
DA:6,1
DA:7,1
DA:8,1
DA:9,1
DA:13,8
DA:14,8
DA:16,8
DA:17,1
DA:18,1
DA:21,8
DA:22,2
DA:25,2
DA:46,6
DA:47,1
DA:50,1
DA:64,5
DA:65,1
DA:75,0
DA:82,4
DA:85,1
LF:25
LH:24
BRDA:21,0,0,2
BRDA:21,0,1,6
BRDA:46,1,0,1
BRDA:46,1,1,5
BRDA:64,2,0,1
BRDA:64,2,1,4
BRF:6
BRH:6
end_of_record
TN:
SF:src\components\Nav.tsx
FN:11,(anonymous_0)
FN:19,(anonymous_1)
FN:20,(anonymous_2)
FN:25,(anonymous_3)
FN:26,(anonymous_4)
FNF:5
FNH:2
FNDA:4,(anonymous_0)
FNDA:1,(anonymous_1)
FNDA:0,(anonymous_2)
FNDA:0,(anonymous_3)
FNDA:0,(anonymous_4)
DA:2,1
DA:11,1
DA:12,4
DA:19,1
DA:20,0
DA:25,0
DA:26,0
LF:7
LH:4
BRDA:16,0,0,3
BRDA:16,0,1,1
BRDA:16,1,0,4
BRDA:16,1,1,2
BRF:4
BRH:4
end_of_record
TN:
SF:src\features\admin\AdminDashboard.tsx
FN:9,AdminDashboard
FN:10,(anonymous_1)
FN:26,(anonymous_2)
FN:30,(anonymous_3)
FN:39,(anonymous_4)
FN:51,(anonymous_5)
FN:62,(anonymous_6)
FN:75,(anonymous_7)
FN:81,(anonymous_8)
FN:81,(anonymous_9)
FN:145,(anonymous_10)
FN:155,(anonymous_11)
FN:161,(anonymous_12)
FN:168,(anonymous_13)
FN:184,(anonymous_14)
FN:205,(anonymous_15)
FN:212,(anonymous_16)
FN:215,(anonymous_17)
FNF:18
FNH:12
FNDA:13,AdminDashboard
FNDA:0,(anonymous_1)
FNDA:4,(anonymous_2)
FNDA:5,(anonymous_3)
FNDA:1,(anonymous_4)
FNDA:0,(anonymous_5)
FNDA:1,(anonymous_6)
FNDA:0,(anonymous_7)
FNDA:0,(anonymous_8)
FNDA:0,(anonymous_9)
FNDA:2,(anonymous_10)
FNDA:1,(anonymous_11)
FNDA:39,(anonymous_12)
FNDA:1,(anonymous_13)
FNDA:0,(anonymous_14)
FNDA:6,(anonymous_15)
FNDA:1,(anonymous_16)
FNDA:1,(anonymous_17)
DA:1,1
DA:2,1
DA:4,1
DA:5,1
DA:7,1
DA:9,1
DA:10,13
DA:13,13
DA:14,13
DA:15,13
DA:16,13
DA:17,13
DA:18,13
DA:19,13
DA:22,13
DA:23,13
DA:24,13
DA:26,13
DA:27,4
DA:30,13
DA:31,5
DA:32,5
DA:33,5
DA:35,0
DA:39,13
DA:40,1
DA:41,1
DA:42,1
DA:43,1
DA:44,1
DA:45,1
DA:46,1
DA:47,1
DA:48,1
DA:51,13
DA:52,0
DA:53,0
DA:54,0
DA:55,0
DA:56,0
DA:57,0
DA:58,0
DA:59,0
DA:62,13
DA:63,1
DA:65,1
DA:66,1
DA:67,1
DA:68,1
DA:69,1
DA:71,0
DA:75,13
DA:76,0
DA:77,0
DA:78,0
DA:80,0
DA:81,0
DA:82,0
DA:91,0
DA:93,0
DA:97,0
DA:98,0
DA:101,0
DA:102,0
DA:103,0
DA:107,0
DA:108,0
DA:110,0
DA:111,0
DA:113,0
DA:117,13
DA:118,0
DA:121,13
DA:145,2
DA:155,1
DA:162,39
DA:169,1
DA:170,1
DA:171,1
DA:172,1
DA:184,0
DA:206,6
DA:212,1
DA:215,1
LF:84
LH:54
BRDA:41,0,0,1
BRDA:41,0,1,0
BRDA:42,1,0,1
BRDA:42,1,1,1
BRDA:43,2,0,1
BRDA:43,2,1,1
BRDA:44,3,0,1
BRDA:44,3,1,1
BRDA:45,4,0,1
BRDA:45,4,1,1
BRDA:46,5,0,1
BRDA:46,5,1,0
BRDA:63,6,0,0
BRDA:63,6,1,1
BRDA:69,7,0,0
BRDA:69,7,1,1
BRDA:91,8,0,0
BRDA:91,8,1,0
BRDA:97,9,0,0
BRDA:97,9,1,0
BRDA:102,10,0,0
BRDA:102,10,1,0
BRDA:111,11,0,0
BRDA:111,11,1,0
BRDA:117,12,0,0
BRDA:117,12,1,13
BRDA:128,13,0,13
BRDA:128,13,1,1
BRDA:137,14,0,2
BRDA:137,14,1,11
BRDA:163,15,0,13
BRDA:163,15,1,26
BRDA:167,16,0,13
BRDA:167,16,1,26
BRDA:167,17,0,13
BRDA:167,17,1,13
BRDA:170,18,0,1
BRDA:170,18,1,0
BRDA:171,19,0,0
BRDA:171,19,1,1
BRDA:172,20,0,0
BRDA:172,20,1,1
BRDA:190,21,0,0
BRDA:190,21,1,13
BRDA:190,22,0,2
BRDA:190,22,1,11
BRDA:192,23,0,13
BRDA:192,23,1,2
BRDA:221,24,0,13
BRDA:221,24,1,7
BRF:50
BRH:33
end_of_record
TN:
SF:src\features\chatbot\MeetMeBot.tsx
FN:10,MeetMeBot
FN:17,(anonymous_1)
FN:23,(anonymous_2)
FN:28,(anonymous_3)
FN:32,(anonymous_4)
FN:49,(anonymous_5)
FN:60,(anonymous_6)
FN:71,(anonymous_7)
FNF:8
FNH:8
FNDA:5,MeetMeBot
FNDA:4,(anonymous_1)
FNDA:1,(anonymous_2)
FNDA:1,(anonymous_3)
FNDA:1,(anonymous_4)
FNDA:1,(anonymous_5)
FNDA:8,(anonymous_6)
FNDA:1,(anonymous_7)
DA:1,1
DA:2,1
DA:10,1
DA:11,5
DA:14,5
DA:15,5
DA:17,5
DA:18,4
DA:21,5
DA:23,5
DA:24,1
DA:25,1
DA:27,1
DA:28,1
DA:29,1
DA:32,1
DA:33,1
DA:34,1
DA:36,1
DA:37,1
DA:38,0
DA:39,0
DA:40,0
DA:41,0
DA:42,0
DA:43,0
DA:44,0
DA:45,0
DA:48,1
DA:49,1
DA:53,5
DA:61,8
DA:71,1
LF:33
LH:25
BRDA:12,0,0,0
BRDA:12,0,1,5
BRDA:25,1,0,0
BRDA:25,1,1,1
BRDA:36,2,0,1
BRDA:36,2,1,0
BRDA:36,3,0,1
BRDA:36,3,1,0
BRDA:38,4,0,0
BRDA:38,4,1,0
BRDA:40,5,0,0
BRDA:40,5,1,0
BRDA:40,6,0,0
BRDA:40,6,1,0
BRDA:42,7,0,0
BRDA:42,7,1,0
BRDA:44,8,0,0
BRDA:44,8,1,0
BRDA:61,9,0,2
BRDA:61,9,1,6
BRF:20
BRH:6
end_of_record
